<?xml version="1.0" encoding="UTF-8"?>
<!-- Generated by org.testng.reporters.JUnitXMLReporter -->
<testsuite hostname="LAPTOP-KVKSTATV" failures="0" tests="5" name="Default test" time="651.312" errors="0" timestamp="6 Jan 2019 15:58:58 GMT">
  <testcase classname="com.vtiger.oppurtunities.OppurtunitiesTest" name="Edit_OppurtunitiesWith_MassEditButton_Group_SupportGroupTest" time="121.939"/>
  <testcase classname="com.vtiger.oppurtunities.OppurtunitiesTest" name="Edit_OppurtunitiesWith_MassEditButton_LeadSource_WebsiteTest" time="98.989"/>
  <testcase classname="com.vtiger.oppurtunities.OppurtunitiesTest" name="Edit_OppurtunitiesWith_MassEditButton_NextStepTest" time="105.802"/>
  <testcase classname="com.vtiger.oppurtunities.OppurtunitiesTest" name="Edit_OppurtunitiesWith_MassEditButton_Type_NewBuisinessTest" time="101.299"/>
  <testcase classname="com.vtiger.oppurtunities.OppurtunitiesTest" name="edit_OppurtunitiesWith_MassEditButton_AmountTest" time="116.947"/>
</testsuite> <!-- Default test -->
