<?xml version="1.0" encoding="UTF-8"?>
<testng-results total="5" passed="5" failed="0" skipped="0">
  <reporter-output>
    <line>
      <![CDATA[Launch Browser<br>]]>
    </line>
    <line>
      <![CDATA[Login<br>]]>
    </line>
    <line>
      <![CDATA[Logout<br>]]>
    </line>
    <line>
      <![CDATA[Login<br>]]>
    </line>
    <line>
      <![CDATA[Logout<br>]]>
    </line>
    <line>
      <![CDATA[Login<br>]]>
    </line>
    <line>
      <![CDATA[Logout<br>]]>
    </line>
    <line>
      <![CDATA[Login<br>]]>
    </line>
    <line>
      <![CDATA[Logout<br>]]>
    </line>
    <line>
      <![CDATA[Login<br>]]>
    </line>
    <line>
      <![CDATA[Logout<br>]]>
    </line>
    <line>
      <![CDATA[Close Browser<br>]]>
    </line>
  </reporter-output>
  <suite started-at="2019-01-06T15:48:06Z" name="Default suite" finished-at="2019-01-06T15:58:57Z" duration-ms="651312">
    <groups>
      <group name="regressionTest">
        <method signature="OppurtunitiesTest.Edit_OppurtunitiesWith_MassEditButton_Group_SupportGroupTest()[pri:0, instance:com.vtiger.oppurtunities.OppurtunitiesTest@7ee8290b]" name="Edit_OppurtunitiesWith_MassEditButton_Group_SupportGroupTest" class="com.vtiger.oppurtunities.OppurtunitiesTest"/>
        <method signature="OppurtunitiesTest.Edit_OppurtunitiesWith_MassEditButton_LeadSource_WebsiteTest()[pri:0, instance:com.vtiger.oppurtunities.OppurtunitiesTest@7ee8290b]" name="Edit_OppurtunitiesWith_MassEditButton_LeadSource_WebsiteTest" class="com.vtiger.oppurtunities.OppurtunitiesTest"/>
        <method signature="OppurtunitiesTest.Edit_OppurtunitiesWith_MassEditButton_NextStepTest()[pri:0, instance:com.vtiger.oppurtunities.OppurtunitiesTest@7ee8290b]" name="Edit_OppurtunitiesWith_MassEditButton_NextStepTest" class="com.vtiger.oppurtunities.OppurtunitiesTest"/>
        <method signature="OppurtunitiesTest.Edit_OppurtunitiesWith_MassEditButton_Type_NewBuisinessTest()[pri:0, instance:com.vtiger.oppurtunities.OppurtunitiesTest@7ee8290b]" name="Edit_OppurtunitiesWith_MassEditButton_Type_NewBuisinessTest" class="com.vtiger.oppurtunities.OppurtunitiesTest"/>
        <method signature="OppurtunitiesTest.edit_OppurtunitiesWith_MassEditButton_AmountTest()[pri:0, instance:com.vtiger.oppurtunities.OppurtunitiesTest@7ee8290b]" name="edit_OppurtunitiesWith_MassEditButton_AmountTest" class="com.vtiger.oppurtunities.OppurtunitiesTest"/>
      </group> <!-- regressionTest -->
    </groups>
    <test started-at="2019-01-06T15:48:06Z" name="Default test" finished-at="2019-01-06T15:58:57Z" duration-ms="651312">
      <class name="com.vtiger.oppurtunities.OppurtunitiesTest">
        <test-method is-config="true" signature="configBC()[pri:0, instance:com.vtiger.oppurtunities.OppurtunitiesTest@7ee8290b]" started-at="2019-01-06T21:18:06Z" name="configBC" finished-at="2019-01-06T21:18:29Z" duration-ms="22750" status="PASS">
          <reporter-output>
            <line>
              <![CDATA[Launch Browser<br>]]>
            </line>
          </reporter-output>
        </test-method> <!-- configBC -->
        <test-method is-config="true" signature="configBM()[pri:0, instance:com.vtiger.oppurtunities.OppurtunitiesTest@7ee8290b]" started-at="2019-01-06T21:18:29Z" name="configBM" finished-at="2019-01-06T21:18:55Z" duration-ms="26041" status="PASS">
          <reporter-output>
            <line>
              <![CDATA[Login<br>]]>
            </line>
          </reporter-output>
        </test-method> <!-- configBM -->
        <test-method signature="Edit_OppurtunitiesWith_MassEditButton_Group_SupportGroupTest()[pri:0, instance:com.vtiger.oppurtunities.OppurtunitiesTest@7ee8290b]" started-at="2019-01-06T21:18:55Z" name="Edit_OppurtunitiesWith_MassEditButton_Group_SupportGroupTest" finished-at="2019-01-06T21:20:57Z" duration-ms="121939" status="PASS">
          <reporter-output>
          </reporter-output>
        </test-method> <!-- Edit_OppurtunitiesWith_MassEditButton_Group_SupportGroupTest -->
        <test-method is-config="true" signature="configAM()[pri:0, instance:com.vtiger.oppurtunities.OppurtunitiesTest@7ee8290b]" started-at="2019-01-06T21:20:57Z" name="configAM" finished-at="2019-01-06T21:21:06Z" duration-ms="8946" status="PASS">
          <reporter-output>
            <line>
              <![CDATA[Logout<br>]]>
            </line>
          </reporter-output>
        </test-method> <!-- configAM -->
        <test-method is-config="true" signature="configBM()[pri:0, instance:com.vtiger.oppurtunities.OppurtunitiesTest@7ee8290b]" started-at="2019-01-06T21:21:06Z" name="configBM" finished-at="2019-01-06T21:21:14Z" duration-ms="8449" status="PASS">
          <reporter-output>
            <line>
              <![CDATA[Login<br>]]>
            </line>
          </reporter-output>
        </test-method> <!-- configBM -->
        <test-method signature="Edit_OppurtunitiesWith_MassEditButton_LeadSource_WebsiteTest()[pri:0, instance:com.vtiger.oppurtunities.OppurtunitiesTest@7ee8290b]" started-at="2019-01-06T21:21:14Z" name="Edit_OppurtunitiesWith_MassEditButton_LeadSource_WebsiteTest" finished-at="2019-01-06T21:22:53Z" duration-ms="98989" status="PASS">
          <reporter-output>
          </reporter-output>
        </test-method> <!-- Edit_OppurtunitiesWith_MassEditButton_LeadSource_WebsiteTest -->
        <test-method is-config="true" signature="configAM()[pri:0, instance:com.vtiger.oppurtunities.OppurtunitiesTest@7ee8290b]" started-at="2019-01-06T21:22:53Z" name="configAM" finished-at="2019-01-06T21:22:56Z" duration-ms="3482" status="PASS">
          <reporter-output>
            <line>
              <![CDATA[Logout<br>]]>
            </line>
          </reporter-output>
        </test-method> <!-- configAM -->
        <test-method is-config="true" signature="configBM()[pri:0, instance:com.vtiger.oppurtunities.OppurtunitiesTest@7ee8290b]" started-at="2019-01-06T21:22:56Z" name="configBM" finished-at="2019-01-06T21:23:04Z" duration-ms="7711" status="PASS">
          <reporter-output>
            <line>
              <![CDATA[Login<br>]]>
            </line>
          </reporter-output>
        </test-method> <!-- configBM -->
        <test-method signature="Edit_OppurtunitiesWith_MassEditButton_NextStepTest()[pri:0, instance:com.vtiger.oppurtunities.OppurtunitiesTest@7ee8290b]" started-at="2019-01-06T21:23:04Z" name="Edit_OppurtunitiesWith_MassEditButton_NextStepTest" finished-at="2019-01-06T21:24:50Z" duration-ms="105802" status="PASS">
          <reporter-output>
          </reporter-output>
        </test-method> <!-- Edit_OppurtunitiesWith_MassEditButton_NextStepTest -->
        <test-method is-config="true" signature="configAM()[pri:0, instance:com.vtiger.oppurtunities.OppurtunitiesTest@7ee8290b]" started-at="2019-01-06T21:24:50Z" name="configAM" finished-at="2019-01-06T21:24:53Z" duration-ms="3208" status="PASS">
          <reporter-output>
            <line>
              <![CDATA[Logout<br>]]>
            </line>
          </reporter-output>
        </test-method> <!-- configAM -->
        <test-method is-config="true" signature="configBM()[pri:0, instance:com.vtiger.oppurtunities.OppurtunitiesTest@7ee8290b]" started-at="2019-01-06T21:24:53Z" name="configBM" finished-at="2019-01-06T21:25:02Z" duration-ms="9148" status="PASS">
          <reporter-output>
            <line>
              <![CDATA[Login<br>]]>
            </line>
          </reporter-output>
        </test-method> <!-- configBM -->
        <test-method signature="Edit_OppurtunitiesWith_MassEditButton_Type_NewBuisinessTest()[pri:0, instance:com.vtiger.oppurtunities.OppurtunitiesTest@7ee8290b]" started-at="2019-01-06T21:25:02Z" name="Edit_OppurtunitiesWith_MassEditButton_Type_NewBuisinessTest" finished-at="2019-01-06T21:26:44Z" duration-ms="101299" status="PASS">
          <reporter-output>
          </reporter-output>
        </test-method> <!-- Edit_OppurtunitiesWith_MassEditButton_Type_NewBuisinessTest -->
        <test-method is-config="true" signature="configAM()[pri:0, instance:com.vtiger.oppurtunities.OppurtunitiesTest@7ee8290b]" started-at="2019-01-06T21:26:44Z" name="configAM" finished-at="2019-01-06T21:26:47Z" duration-ms="3429" status="PASS">
          <reporter-output>
            <line>
              <![CDATA[Logout<br>]]>
            </line>
          </reporter-output>
        </test-method> <!-- configAM -->
        <test-method is-config="true" signature="configBM()[pri:0, instance:com.vtiger.oppurtunities.OppurtunitiesTest@7ee8290b]" started-at="2019-01-06T21:26:47Z" name="configBM" finished-at="2019-01-06T21:26:57Z" duration-ms="10194" status="PASS">
          <reporter-output>
            <line>
              <![CDATA[Login<br>]]>
            </line>
          </reporter-output>
        </test-method> <!-- configBM -->
        <test-method signature="edit_OppurtunitiesWith_MassEditButton_AmountTest()[pri:0, instance:com.vtiger.oppurtunities.OppurtunitiesTest@7ee8290b]" started-at="2019-01-06T21:26:57Z" name="edit_OppurtunitiesWith_MassEditButton_AmountTest" finished-at="2019-01-06T21:28:54Z" duration-ms="116947" status="PASS">
          <reporter-output>
          </reporter-output>
        </test-method> <!-- edit_OppurtunitiesWith_MassEditButton_AmountTest -->
        <test-method is-config="true" signature="configAM()[pri:0, instance:com.vtiger.oppurtunities.OppurtunitiesTest@7ee8290b]" started-at="2019-01-06T21:28:54Z" name="configAM" finished-at="2019-01-06T21:28:57Z" duration-ms="2888" status="PASS">
          <reporter-output>
            <line>
              <![CDATA[Logout<br>]]>
            </line>
          </reporter-output>
        </test-method> <!-- configAM -->
        <test-method is-config="true" signature="configAC()[pri:0, instance:com.vtiger.oppurtunities.OppurtunitiesTest@7ee8290b]" started-at="2019-01-06T21:28:57Z" name="configAC" finished-at="2019-01-06T21:28:57Z" duration-ms="42" status="PASS">
          <reporter-output>
            <line>
              <![CDATA[Close Browser<br>]]>
            </line>
          </reporter-output>
        </test-method> <!-- configAC -->
      </class> <!-- com.vtiger.oppurtunities.OppurtunitiesTest -->
    </test> <!-- Default test -->
  </suite> <!-- Default suite -->
</testng-results>
